Using pre-set license

 COMMAND LINE ARGUMENTS:
/Applications/Unity/Hub/Editor/2020.3.4f1/Unity.app/Contents/MacOS/Unity
-adb2
-batchMode
-noUpm
-name
AssetImportWorker0
-projectPath
/Users/nateshirey/Documents/1GPM/1GPM12-2/1GPM12
-logFile
Logs/AssetImportWorker0.log
-srvPort
49776
Successfully changed project path to: /Users/nateshirey/Documents/1GPM/1GPM12-2/1GPM12
/Users/nateshirey/Documents/1GPM/1GPM12-2/1GPM12
Using Asset Import Pipeline V2.
Refreshing native plugins compatible for Editor in 44.74 ms, found 1 plugins.
Preloading 0 native plugins for Editor in 0.00 ms.
Initialize engine version: 2020.3.4f1 (0abb6314276a)
[Subsystems] Discovering subsystems at path /Applications/Unity/Hub/Editor/2020.3.4f1/Unity.app/Contents/Resources/UnitySubsystems
[Subsystems] Discovering subsystems at path /Users/nateshirey/Documents/1GPM/1GPM12-2/1GPM12/Assets
GfxDevice: creating device client; threaded=0
2022-03-30 09:39:40.677 Unity[11801:567594] Color LCD preferred device: Intel Iris Pro Graphics (low power)
2022-03-30 09:39:40.677 Unity[11801:567594] Metal devices available: 2
2022-03-30 09:39:40.678 Unity[11801:567594] 0: AMD Radeon R9 M370X (high power)
2022-03-30 09:39:40.678 Unity[11801:567594] 1: Intel Iris Pro Graphics (low power)
2022-03-30 09:39:40.678 Unity[11801:567594] Using device AMD Radeon R9 M370X (high power)
Initializing Metal device caps: AMD Radeon R9 M370X
Initialize mono
Mono path[0] = '/Applications/Unity/Hub/Editor/2020.3.4f1/Unity.app/Contents/Managed'
Mono path[1] = '/Applications/Unity/Hub/Editor/2020.3.4f1/Unity.app/Contents/MonoBleedingEdge/lib/mono/unityjit'
Mono config path = '/Applications/Unity/Hub/Editor/2020.3.4f1/Unity.app/Contents/MonoBleedingEdge/etc'
Using monoOptions --debugger-agent=transport=dt_socket,embedding=1,server=y,suspend=n,address=127.0.0.1:56801
Begin MonoManager ReloadAssembly
Registering precompiled unity dll's ...
Register platform support module: /Applications/Unity/Hub/Editor/2020.3.4f1/PlaybackEngines/WebGLSupport/UnityEditor.WebGL.Extensions.dll
Register platform support module: /Applications/Unity/Hub/Editor/2020.3.4f1/Unity.app/Contents/PlaybackEngines/MacStandaloneSupport/UnityEditor.OSXStandalone.Extensions.dll
Register platform support module: /Applications/Unity/Hub/Editor/2020.3.4f1/PlaybackEngines/WindowsStandaloneSupport/UnityEditor.WindowsStandalone.Extensions.dll
Registered in 0.000706 seconds.
Native extension for WindowsStandalone target not found
Native extension for OSXStandalone target not found
Native extension for WebGL target not found
Refreshing native plugins compatible for Editor in 46.05 ms, found 1 plugins.
Preloading 0 native plugins for Editor in 0.00 ms.
Mono: successfully reloaded assembly
- Completed reload, in  1.829 seconds
Platform modules already initialized, skipping
Registering precompiled user dll's ...
Registered in 0.000468 seconds.
Begin MonoManager ReloadAssembly
Native extension for WindowsStandalone target not found
Native extension for OSXStandalone target not found
Native extension for WebGL target not found
Refreshing native plugins compatible for Editor in 44.99 ms, found 1 plugins.
Preloading 0 native plugins for Editor in 0.00 ms.
Mono: successfully reloaded assembly
- Completed reload, in  1.173 seconds
Platform modules already initialized, skipping
========================================================================
Worker process is ready to serve import requests
Launching external process: /Applications/Unity/Hub/Editor/2020.3.4f1/Unity.app/Contents/Tools/UnityShaderCompiler
Launched and connected shader compiler UnityShaderCompiler after 0.01 seconds
Refreshing native plugins compatible for Editor in 0.46 ms, found 1 plugins.
Preloading 0 native plugins for Editor in 0.00 ms.
Unloading 1935 Unused Serialized files (Serialized files now loaded: 0)
System memory in use before: 211.2 MB.
System memory in use after: 211.3 MB.

Unloading 13 unused Assets to reduce memory usage. Loaded Objects now: 2401.
Total: 3.082918 ms (FindLiveObjects: 0.336153 ms CreateObjectMapping: 0.103089 ms MarkObjects: 2.497975 ms  DeleteObjects: 0.143852 ms)

========================================================================
Received Import Request.
  path: Assets/Scripts/Camera/PhotoScoring.cs
  artifactKey: Guid(a7da01692721b4cfb9954072617f749e) Importer(815301076,1909f56bfc062723c751e8b465ee728b)
Start importing Assets/Scripts/Camera/PhotoScoring.cs using Guid(a7da01692721b4cfb9954072617f749e) Importer(815301076,1909f56bfc062723c751e8b465ee728b)  -> (artifact id: 'c71490b6274b62ba315e026f993db25b') in 0.240587 seconds
  Import took 0.245225 seconds .

========================================================================
Received Import Request.
  Time since last request: 0.000231 seconds.
  path: Assets/Scripts/Camera/PhotoScore.cs
  artifactKey: Guid(399a93d8b9b2244138b7041235fb40fe) Importer(815301076,1909f56bfc062723c751e8b465ee728b)
Start importing Assets/Scripts/Camera/PhotoScore.cs using Guid(399a93d8b9b2244138b7041235fb40fe) Importer(815301076,1909f56bfc062723c751e8b465ee728b)  -> (artifact id: '0f8f3156e87f3e361035ed292f1ea36f') in 0.004116 seconds
  Import took 0.007156 seconds .

========================================================================
Received Prepare
Registering precompiled user dll's ...
Registered in 0.000627 seconds.
Begin MonoManager ReloadAssembly
Native extension for WindowsStandalone target not found
Native extension for OSXStandalone target not found
Native extension for WebGL target not found
Refreshing native plugins compatible for Editor in 0.44 ms, found 1 plugins.
Preloading 0 native plugins for Editor in 0.00 ms.
Mono: successfully reloaded assembly
- Completed reload, in  1.041 seconds
Platform modules already initialized, skipping
Refreshing native plugins compatible for Editor in 0.47 ms, found 1 plugins.
Preloading 0 native plugins for Editor in 0.00 ms.
Unloading 1752 Unused Serialized files (Serialized files now loaded: 0)
System memory in use before: 199.1 MB.
System memory in use after: 199.1 MB.

Unloading 7 unused Assets to reduce memory usage. Loaded Objects now: 2404.
Total: 2.623171 ms (FindLiveObjects: 0.263203 ms CreateObjectMapping: 0.109376 ms MarkObjects: 2.150383 ms  DeleteObjects: 0.098736 ms)

========================================================================
Received Prepare
Registering precompiled user dll's ...
Registered in 0.000455 seconds.
Begin MonoManager ReloadAssembly
Native extension for WindowsStandalone target not found
Native extension for OSXStandalone target not found
Native extension for WebGL target not found
Refreshing native plugins compatible for Editor in 0.46 ms, found 1 plugins.
Preloading 0 native plugins for Editor in 0.00 ms.
Mono: successfully reloaded assembly
- Completed reload, in  1.062 seconds
Platform modules already initialized, skipping
Refreshing native plugins compatible for Editor in 0.45 ms, found 1 plugins.
Preloading 0 native plugins for Editor in 0.00 ms.
Unloading 1752 Unused Serialized files (Serialized files now loaded: 0)
System memory in use before: 199.7 MB.
System memory in use after: 199.8 MB.

Unloading 7 unused Assets to reduce memory usage. Loaded Objects now: 2407.
Total: 2.798459 ms (FindLiveObjects: 0.384230 ms CreateObjectMapping: 0.079349 ms MarkObjects: 2.236022 ms  DeleteObjects: 0.097533 ms)

========================================================================
Received Prepare
Registering precompiled user dll's ...
Registered in 0.000691 seconds.
Begin MonoManager ReloadAssembly
Native extension for WindowsStandalone target not found
Native extension for OSXStandalone target not found
Native extension for WebGL target not found
Refreshing native plugins compatible for Editor in 0.43 ms, found 1 plugins.
Preloading 0 native plugins for Editor in 0.00 ms.
Mono: successfully reloaded assembly
- Completed reload, in  1.041 seconds
Platform modules already initialized, skipping
Refreshing native plugins compatible for Editor in 0.46 ms, found 1 plugins.
Preloading 0 native plugins for Editor in 0.00 ms.
Unloading 1752 Unused Serialized files (Serialized files now loaded: 0)
System memory in use before: 200.3 MB.
System memory in use after: 200.4 MB.

Unloading 7 unused Assets to reduce memory usage. Loaded Objects now: 2410.
Total: 4.297752 ms (FindLiveObjects: 0.266700 ms CreateObjectMapping: 0.098845 ms MarkObjects: 3.761983 ms  DeleteObjects: 0.167027 ms)

========================================================================
Received Prepare
Registering precompiled user dll's ...
Registered in 0.000459 seconds.
Begin MonoManager ReloadAssembly
Native extension for WindowsStandalone target not found
Native extension for OSXStandalone target not found
Native extension for WebGL target not found
Refreshing native plugins compatible for Editor in 0.44 ms, found 1 plugins.
Preloading 0 native plugins for Editor in 0.00 ms.
Mono: successfully reloaded assembly
- Completed reload, in  1.111 seconds
Platform modules already initialized, skipping
Refreshing native plugins compatible for Editor in 0.46 ms, found 1 plugins.
Preloading 0 native plugins for Editor in 0.00 ms.
Unloading 1752 Unused Serialized files (Serialized files now loaded: 0)
System memory in use before: 201.0 MB.
System memory in use after: 201.0 MB.

Unloading 7 unused Assets to reduce memory usage. Loaded Objects now: 2413.
Total: 3.720782 ms (FindLiveObjects: 0.306920 ms CreateObjectMapping: 0.108562 ms MarkObjects: 3.130664 ms  DeleteObjects: 0.172256 ms)

========================================================================
Received Prepare
Registering precompiled user dll's ...
Registered in 0.000534 seconds.
Begin MonoManager ReloadAssembly
Native extension for WindowsStandalone target not found
Native extension for OSXStandalone target not found
Native extension for WebGL target not found
Refreshing native plugins compatible for Editor in 0.45 ms, found 1 plugins.
Preloading 0 native plugins for Editor in 0.00 ms.
Mono: successfully reloaded assembly
- Completed reload, in  1.074 seconds
Platform modules already initialized, skipping
Refreshing native plugins compatible for Editor in 0.42 ms, found 1 plugins.
Preloading 0 native plugins for Editor in 0.00 ms.
Unloading 1752 Unused Serialized files (Serialized files now loaded: 0)
System memory in use before: 201.6 MB.
System memory in use after: 201.7 MB.

Unloading 7 unused Assets to reduce memory usage. Loaded Objects now: 2416.
Total: 2.406608 ms (FindLiveObjects: 0.277438 ms CreateObjectMapping: 0.074844 ms MarkObjects: 1.958892 ms  DeleteObjects: 0.091944 ms)

========================================================================
Received Prepare
Registering precompiled user dll's ...
Registered in 0.000507 seconds.
Begin MonoManager ReloadAssembly
Native extension for WindowsStandalone target not found
Native extension for OSXStandalone target not found
Native extension for WebGL target not found
Refreshing native plugins compatible for Editor in 0.42 ms, found 1 plugins.
Preloading 0 native plugins for Editor in 0.00 ms.
Mono: successfully reloaded assembly
- Completed reload, in  1.074 seconds
Platform modules already initialized, skipping
Refreshing native plugins compatible for Editor in 0.42 ms, found 1 plugins.
Preloading 0 native plugins for Editor in 0.00 ms.
Unloading 1752 Unused Serialized files (Serialized files now loaded: 0)
System memory in use before: 202.2 MB.
System memory in use after: 202.3 MB.

Unloading 7 unused Assets to reduce memory usage. Loaded Objects now: 2419.
Total: 2.729716 ms (FindLiveObjects: 0.263933 ms CreateObjectMapping: 0.074638 ms MarkObjects: 2.302621 ms  DeleteObjects: 0.087323 ms)

========================================================================
Received Prepare
Registering precompiled user dll's ...
Registered in 0.000545 seconds.
Begin MonoManager ReloadAssembly
Native extension for WindowsStandalone target not found
Native extension for OSXStandalone target not found
Native extension for WebGL target not found
Refreshing native plugins compatible for Editor in 0.44 ms, found 1 plugins.
Preloading 0 native plugins for Editor in 0.00 ms.
Mono: successfully reloaded assembly
- Completed reload, in  1.057 seconds
Platform modules already initialized, skipping
Refreshing native plugins compatible for Editor in 0.43 ms, found 1 plugins.
Preloading 0 native plugins for Editor in 0.00 ms.
Unloading 1752 Unused Serialized files (Serialized files now loaded: 0)
System memory in use before: 202.9 MB.
System memory in use after: 203.0 MB.

Unloading 7 unused Assets to reduce memory usage. Loaded Objects now: 2422.
Total: 3.064166 ms (FindLiveObjects: 0.340833 ms CreateObjectMapping: 0.166084 ms MarkObjects: 2.455429 ms  DeleteObjects: 0.100623 ms)

========================================================================
Received Import Request.
  Time since last request: 875.089084 seconds.
  path: Assets/Scripts/Camera/CameraController.cs
  artifactKey: Guid(cb3f7d6ed36e34e5095a7f4de6a28493) Importer(815301076,1909f56bfc062723c751e8b465ee728b)
Start importing Assets/Scripts/Camera/CameraController.cs using Guid(cb3f7d6ed36e34e5095a7f4de6a28493) Importer(815301076,1909f56bfc062723c751e8b465ee728b)  -> (artifact id: 'dc429b6a0a6a9ccebbc500ddf1ea4e6e') in 0.007462 seconds
  Import took 0.011105 seconds .

========================================================================
Received Import Request.
  Time since last request: 2.132424 seconds.
  path: Assets/Scripts/Camera/CameraController.cs
  artifactKey: Guid(cb3f7d6ed36e34e5095a7f4de6a28493) Importer(815301076,1909f56bfc062723c751e8b465ee728b)
Start importing Assets/Scripts/Camera/CameraController.cs using Guid(cb3f7d6ed36e34e5095a7f4de6a28493) Importer(815301076,1909f56bfc062723c751e8b465ee728b)  -> (artifact id: 'dc429b6a0a6a9ccebbc500ddf1ea4e6e') in 0.004377 seconds
  Import took 0.007809 seconds .

========================================================================
Received Import Request.
  Time since last request: 37.113673 seconds.
  path: Assets/Scripts/Camera/LevelPhotos.cs
  artifactKey: Guid(7ee7213ae01164545bd4c26d032ccbc3) Importer(815301076,1909f56bfc062723c751e8b465ee728b)
Start importing Assets/Scripts/Camera/LevelPhotos.cs using Guid(7ee7213ae01164545bd4c26d032ccbc3) Importer(815301076,1909f56bfc062723c751e8b465ee728b)  -> (artifact id: 'f205fdee1dafa9b6a9be0fcb57e7700f') in 0.005949 seconds
  Import took 0.012318 seconds .

========================================================================
Received Import Request.
  Time since last request: 14.498014 seconds.
  path: Assets/Art/Textures/SavedPhoto 0.png
  artifactKey: Guid(13398175dfbec43d1b1f2b337e556981) Importer(815301076,1909f56bfc062723c751e8b465ee728b)
Start importing Assets/Art/Textures/SavedPhoto 0.png using Guid(13398175dfbec43d1b1f2b337e556981) Importer(815301076,1909f56bfc062723c751e8b465ee728b)  -> (artifact id: '73dc38b0faa4b788e695f1bb1daf3603') in 1.205198 seconds
  Import took 1.210042 seconds .

========================================================================
Received Import Request.
  Time since last request: 0.000345 seconds.
  path: Assets/Art/Textures/SavedPhoto 1.png
  artifactKey: Guid(c7dd661a6f99e47f69781cb5eb671b75) Importer(815301076,1909f56bfc062723c751e8b465ee728b)
Start importing Assets/Art/Textures/SavedPhoto 1.png using Guid(c7dd661a6f99e47f69781cb5eb671b75) Importer(815301076,1909f56bfc062723c751e8b465ee728b)  -> (artifact id: 'bd74632edec662adbd20c3173f3ba17d') in 0.034111 seconds
  Import took 0.039461 seconds .

========================================================================
Received Import Request.
  Time since last request: 0.650744 seconds.
  path: Assets/Art/Textures/SavedPhoto 2.png
  artifactKey: Guid(412c98d49beb54970a1ec5274fad6b95) Importer(815301076,1909f56bfc062723c751e8b465ee728b)
Start importing Assets/Art/Textures/SavedPhoto 2.png using Guid(412c98d49beb54970a1ec5274fad6b95) Importer(815301076,1909f56bfc062723c751e8b465ee728b)  -> (artifact id: '1b1811b9db3366bca75c217500d13b27') in 0.027540 seconds
  Import took 0.037774 seconds .

========================================================================
Received Import Request.
  Time since last request: 39.205527 seconds.
  path: Assets/Scripts/CartController.cs
  artifactKey: Guid(c8bdc9efa4d7343f79ecac65db494be1) Importer(815301076,1909f56bfc062723c751e8b465ee728b)
Start importing Assets/Scripts/CartController.cs using Guid(c8bdc9efa4d7343f79ecac65db494be1) Importer(815301076,1909f56bfc062723c751e8b465ee728b)  -> (artifact id: 'fed5c24c7905847d0f9e4706a2b1f8cf') in 0.001967 seconds
  Import took 0.005246 seconds .

========================================================================
Received Import Request.
  Time since last request: 0.000376 seconds.
  path: Assets/Scripts/CartController.cs
  artifactKey: Guid(c8bdc9efa4d7343f79ecac65db494be1) Importer(815301076,1909f56bfc062723c751e8b465ee728b)
Start importing Assets/Scripts/CartController.cs using Guid(c8bdc9efa4d7343f79ecac65db494be1) Importer(815301076,1909f56bfc062723c751e8b465ee728b)  -> (artifact id: 'fed5c24c7905847d0f9e4706a2b1f8cf') in 0.001682 seconds
  Import took 0.006347 seconds .

========================================================================
Received Prepare
Registering precompiled user dll's ...
Registered in 0.000455 seconds.
Begin MonoManager ReloadAssembly
Native extension for WindowsStandalone target not found
Native extension for OSXStandalone target not found
Native extension for WebGL target not found
Refreshing native plugins compatible for Editor in 0.43 ms, found 1 plugins.
Preloading 0 native plugins for Editor in 0.00 ms.
Mono: successfully reloaded assembly
- Completed reload, in  1.054 seconds
Platform modules already initialized, skipping
Refreshing native plugins compatible for Editor in 0.43 ms, found 1 plugins.
Preloading 0 native plugins for Editor in 0.00 ms.
Unloading 1752 Unused Serialized files (Serialized files now loaded: 0)
System memory in use before: 211.1 MB.
System memory in use after: 211.2 MB.

Unloading 7 unused Assets to reduce memory usage. Loaded Objects now: 2431.
Total: 2.703628 ms (FindLiveObjects: 0.290383 ms CreateObjectMapping: 0.077548 ms MarkObjects: 2.238572 ms  DeleteObjects: 0.095982 ms)

========================================================================
Received Import Request.
  Time since last request: 72.950461 seconds.
  path: Assets/Scenes/GroceryStore.unity
  artifactKey: Guid(059672fbd56814fe5b4212d3e4e7088a) Importer(815301076,1909f56bfc062723c751e8b465ee728b)
Start importing Assets/Scenes/GroceryStore.unity using Guid(059672fbd56814fe5b4212d3e4e7088a) Importer(815301076,1909f56bfc062723c751e8b465ee728b)  -> (artifact id: '2aa3703dc9c48eff709b4d203d7903c9') in 0.017548 seconds
  Import took 0.021322 seconds .

========================================================================
Received Prepare
Registering precompiled user dll's ...
Registered in 0.001181 seconds.
Begin MonoManager ReloadAssembly
Native extension for WindowsStandalone target not found
Native extension for OSXStandalone target not found
Native extension for WebGL target not found
Refreshing native plugins compatible for Editor in 0.40 ms, found 1 plugins.
Preloading 0 native plugins for Editor in 0.00 ms.
Mono: successfully reloaded assembly
- Completed reload, in  1.025 seconds
Platform modules already initialized, skipping
Refreshing native plugins compatible for Editor in 0.62 ms, found 1 plugins.
Preloading 0 native plugins for Editor in 0.00 ms.
Unloading 1752 Unused Serialized files (Serialized files now loaded: 0)
System memory in use before: 211.8 MB.
System memory in use after: 211.9 MB.

Unloading 7 unused Assets to reduce memory usage. Loaded Objects now: 2434.
Total: 2.485319 ms (FindLiveObjects: 0.394356 ms CreateObjectMapping: 0.135719 ms MarkObjects: 1.865011 ms  DeleteObjects: 0.088999 ms)

========================================================================
Received Import Request.
  Time since last request: 1834.389705 seconds.
  path: Assets/Scripts/Characters/Characters/StartCharacer.asset
  artifactKey: Guid(bbedb365b5ae946e7b774c4463c92f98) Importer(815301076,1909f56bfc062723c751e8b465ee728b)
Start importing Assets/Scripts/Characters/Characters/StartCharacer.asset using Guid(bbedb365b5ae946e7b774c4463c92f98) Importer(815301076,1909f56bfc062723c751e8b465ee728b)  -> (artifact id: '5177e565df797230bd2589f411563394') in 1.073029 seconds
  Import took 1.282418 seconds .

========================================================================
Received Prepare
Registering precompiled user dll's ...
Registered in 0.000570 seconds.
Begin MonoManager ReloadAssembly
Native extension for WindowsStandalone target not found
Native extension for OSXStandalone target not found
Native extension for WebGL target not found
Refreshing native plugins compatible for Editor in 0.44 ms, found 1 plugins.
Preloading 0 native plugins for Editor in 0.00 ms.
Mono: successfully reloaded assembly
- Completed reload, in  1.170 seconds
Platform modules already initialized, skipping
Refreshing native plugins compatible for Editor in 0.45 ms, found 1 plugins.
Preloading 0 native plugins for Editor in 0.00 ms.
Unloading 1752 Unused Serialized files (Serialized files now loaded: 0)
System memory in use before: 216.7 MB.
System memory in use after: 216.7 MB.

Unloading 7 unused Assets to reduce memory usage. Loaded Objects now: 2437.
Total: 3.008485 ms (FindLiveObjects: 0.432285 ms CreateObjectMapping: 0.078328 ms MarkObjects: 2.363592 ms  DeleteObjects: 0.132835 ms)

========================================================================
Received Prepare
Registering precompiled user dll's ...
Registered in 0.000564 seconds.
Begin MonoManager ReloadAssembly
Native extension for WindowsStandalone target not found
Native extension for OSXStandalone target not found
Native extension for WebGL target not found
Refreshing native plugins compatible for Editor in 0.44 ms, found 1 plugins.
Preloading 0 native plugins for Editor in 0.00 ms.
Mono: successfully reloaded assembly
- Completed reload, in  1.103 seconds
Platform modules already initialized, skipping
Refreshing native plugins compatible for Editor in 0.47 ms, found 1 plugins.
Preloading 0 native plugins for Editor in 0.00 ms.
Unloading 1752 Unused Serialized files (Serialized files now loaded: 0)
System memory in use before: 217.3 MB.
System memory in use after: 217.4 MB.

Unloading 7 unused Assets to reduce memory usage. Loaded Objects now: 2440.
Total: 2.798031 ms (FindLiveObjects: 0.312975 ms CreateObjectMapping: 0.110202 ms MarkObjects: 2.276724 ms  DeleteObjects: 0.096235 ms)

========================================================================
Received Import Request.
  Time since last request: 618.202620 seconds.
  path: Assets/Scripts/Camera/CameraController.cs
  artifactKey: Guid(cb3f7d6ed36e34e5095a7f4de6a28493) Importer(815301076,1909f56bfc062723c751e8b465ee728b)
Start importing Assets/Scripts/Camera/CameraController.cs using Guid(cb3f7d6ed36e34e5095a7f4de6a28493) Importer(815301076,1909f56bfc062723c751e8b465ee728b)  -> (artifact id: '3b11d5513ab5dbaa9c5690bdc7169748') in 0.011468 seconds
  Import took 0.015332 seconds .

========================================================================
Received Prepare
Registering precompiled user dll's ...
Registered in 0.000465 seconds.
Begin MonoManager ReloadAssembly
Native extension for WindowsStandalone target not found
Native extension for OSXStandalone target not found
Native extension for WebGL target not found
Refreshing native plugins compatible for Editor in 0.45 ms, found 1 plugins.
Preloading 0 native plugins for Editor in 0.00 ms.
Mono: successfully reloaded assembly
- Completed reload, in  1.107 seconds
Platform modules already initialized, skipping
Refreshing native plugins compatible for Editor in 0.43 ms, found 1 plugins.
Preloading 0 native plugins for Editor in 0.00 ms.
Unloading 1752 Unused Serialized files (Serialized files now loaded: 0)
System memory in use before: 217.9 MB.
System memory in use after: 218.0 MB.

Unloading 7 unused Assets to reduce memory usage. Loaded Objects now: 2443.
Total: 2.906012 ms (FindLiveObjects: 0.387258 ms CreateObjectMapping: 0.078077 ms MarkObjects: 2.341220 ms  DeleteObjects: 0.096233 ms)

========================================================================
Received Import Request.
  Time since last request: 4315.365632 seconds.
  path: Assets/Scripts/Camera/DataTextureDrawer.cs
  artifactKey: Guid(b30076cad620840cd984e1ede05f81d3) Importer(815301076,1909f56bfc062723c751e8b465ee728b)
Start importing Assets/Scripts/Camera/DataTextureDrawer.cs using Guid(b30076cad620840cd984e1ede05f81d3) Importer(815301076,1909f56bfc062723c751e8b465ee728b)  -> (artifact id: 'f571e440aa5a5cbecf01b3736c2c4772') in 0.007397 seconds
  Import took 0.011235 seconds .

========================================================================
Received Import Request.
  Time since last request: 1.126469 seconds.
  path: Assets/Scripts/Camera/CameraController.cs
  artifactKey: Guid(cb3f7d6ed36e34e5095a7f4de6a28493) Importer(815301076,1909f56bfc062723c751e8b465ee728b)
Start importing Assets/Scripts/Camera/CameraController.cs using Guid(cb3f7d6ed36e34e5095a7f4de6a28493) Importer(815301076,1909f56bfc062723c751e8b465ee728b)  -> (artifact id: 'f42c0afb3bff0a8893a8945ed474a537') in 0.004307 seconds
  Import took 0.009314 seconds .

========================================================================
Received Import Request.
  Time since last request: 0.000438 seconds.
  path: Assets/Scripts/Camera/CameraController.cs
  artifactKey: Guid(cb3f7d6ed36e34e5095a7f4de6a28493) Importer(815301076,1909f56bfc062723c751e8b465ee728b)
Start importing Assets/Scripts/Camera/CameraController.cs using Guid(cb3f7d6ed36e34e5095a7f4de6a28493) Importer(815301076,1909f56bfc062723c751e8b465ee728b)  -> (artifact id: 'f42c0afb3bff0a8893a8945ed474a537') in 0.003919 seconds
  Import took 0.007553 seconds .

========================================================================
Received Import Request.
  Time since last request: 5.853133 seconds.
  path: Assets/Scripts/Camera/PhotoScoring.cs
  artifactKey: Guid(a7da01692721b4cfb9954072617f749e) Importer(815301076,1909f56bfc062723c751e8b465ee728b)
Start importing Assets/Scripts/Camera/PhotoScoring.cs using Guid(a7da01692721b4cfb9954072617f749e) Importer(815301076,1909f56bfc062723c751e8b465ee728b)  -> (artifact id: 'a962ca419441335e7c9bba6c90bb7a26') in 0.004554 seconds
  Import took 0.008699 seconds .

========================================================================
Received Import Request.
  Time since last request: 0.490170 seconds.
  path: Assets/Scripts/Camera/SavePhotos.cs
  artifactKey: Guid(1220a49769b0648b0badb9f0e731fd9d) Importer(815301076,1909f56bfc062723c751e8b465ee728b)
Start importing Assets/Scripts/Camera/SavePhotos.cs using Guid(1220a49769b0648b0badb9f0e731fd9d) Importer(815301076,1909f56bfc062723c751e8b465ee728b)  -> (artifact id: '7729c6ef88e3ff31d272d6d3e9cc9ffe') in 0.004119 seconds
  Import took 0.007593 seconds .

========================================================================
Received Prepare
Registering precompiled user dll's ...
Registered in 0.000482 seconds.
Begin MonoManager ReloadAssembly
Native extension for WindowsStandalone target not found
Native extension for OSXStandalone target not found
Native extension for WebGL target not found
Refreshing native plugins compatible for Editor in 0.41 ms, found 1 plugins.
Preloading 0 native plugins for Editor in 0.00 ms.
Mono: successfully reloaded assembly
- Completed reload, in  1.167 seconds
Platform modules already initialized, skipping
Refreshing native plugins compatible for Editor in 0.46 ms, found 1 plugins.
Preloading 0 native plugins for Editor in 0.00 ms.
Unloading 1752 Unused Serialized files (Serialized files now loaded: 0)
System memory in use before: 218.6 MB.
System memory in use after: 218.7 MB.

Unloading 7 unused Assets to reduce memory usage. Loaded Objects now: 2446.
Total: 2.498009 ms (FindLiveObjects: 0.248325 ms CreateObjectMapping: 0.074918 ms MarkObjects: 2.080215 ms  DeleteObjects: 0.093262 ms)

========================================================================
Received Import Request.
  Time since last request: 297.246062 seconds.
  path: Assets/Scripts/Camera/SavePhotos.cs
  artifactKey: Guid(1220a49769b0648b0badb9f0e731fd9d) Importer(815301076,1909f56bfc062723c751e8b465ee728b)
Start importing Assets/Scripts/Camera/SavePhotos.cs using Guid(1220a49769b0648b0badb9f0e731fd9d) Importer(815301076,1909f56bfc062723c751e8b465ee728b)  -> (artifact id: '0076113ece1a15867e97ea8d76bf4ba6') in 0.008003 seconds
  Import took 0.013442 seconds .

AssetImportWorkerClient::OnTransportError - code=2 error=End of file
