Using pre-set license

 COMMAND LINE ARGUMENTS:
/Applications/Unity/Hub/Editor/2020.3.4f1/Unity.app/Contents/MacOS/Unity
-adb2
-batchMode
-noUpm
-name
AssetImportWorker0
-projectPath
/Users/nateshirey/Documents/1GPM/1GPM12/1GPM12
-logFile
Logs/AssetImportWorker0.log
-srvPort
57104
Successfully changed project path to: /Users/nateshirey/Documents/1GPM/1GPM12/1GPM12
/Users/nateshirey/Documents/1GPM/1GPM12/1GPM12
Using Asset Import Pipeline V2.
Refreshing native plugins compatible for Editor in 50.29 ms, found 1 plugins.
Preloading 0 native plugins for Editor in 0.00 ms.
Initialize engine version: 2020.3.4f1 (0abb6314276a)
[Subsystems] Discovering subsystems at path /Applications/Unity/Hub/Editor/2020.3.4f1/Unity.app/Contents/Resources/UnitySubsystems
[Subsystems] Discovering subsystems at path /Users/nateshirey/Documents/1GPM/1GPM12/1GPM12/Assets
GfxDevice: creating device client; threaded=0
2022-03-26 11:10:50.660 Unity[61342:3312900] Color LCD preferred device: AMD Radeon R9 M370X (high power)
2022-03-26 11:10:50.660 Unity[61342:3312900] Metal devices available: 2
2022-03-26 11:10:50.660 Unity[61342:3312900] 0: AMD Radeon R9 M370X (high power)
2022-03-26 11:10:50.660 Unity[61342:3312900] 1: Intel Iris Pro Graphics (low power)
2022-03-26 11:10:50.660 Unity[61342:3312900] Using device AMD Radeon R9 M370X (high power)
Initializing Metal device caps: AMD Radeon R9 M370X
Initialize mono
Mono path[0] = '/Applications/Unity/Hub/Editor/2020.3.4f1/Unity.app/Contents/Managed'
Mono path[1] = '/Applications/Unity/Hub/Editor/2020.3.4f1/Unity.app/Contents/MonoBleedingEdge/lib/mono/unityjit'
Mono config path = '/Applications/Unity/Hub/Editor/2020.3.4f1/Unity.app/Contents/MonoBleedingEdge/etc'
Using monoOptions --debugger-agent=transport=dt_socket,embedding=1,server=y,suspend=n,address=127.0.0.1:56342
Begin MonoManager ReloadAssembly
Registering precompiled unity dll's ...
Register platform support module: /Applications/Unity/Hub/Editor/2020.3.4f1/PlaybackEngines/WebGLSupport/UnityEditor.WebGL.Extensions.dll
Register platform support module: /Applications/Unity/Hub/Editor/2020.3.4f1/Unity.app/Contents/PlaybackEngines/MacStandaloneSupport/UnityEditor.OSXStandalone.Extensions.dll
Register platform support module: /Applications/Unity/Hub/Editor/2020.3.4f1/PlaybackEngines/WindowsStandaloneSupport/UnityEditor.WindowsStandalone.Extensions.dll
Registered in 0.000864 seconds.
Native extension for WindowsStandalone target not found
Native extension for OSXStandalone target not found
Native extension for WebGL target not found
Refreshing native plugins compatible for Editor in 50.42 ms, found 1 plugins.
Preloading 0 native plugins for Editor in 0.00 ms.
Mono: successfully reloaded assembly
- Completed reload, in  2.409 seconds
Platform modules already initialized, skipping
Registering precompiled user dll's ...
Registered in 0.000525 seconds.
Begin MonoManager ReloadAssembly
Native extension for WindowsStandalone target not found
Native extension for OSXStandalone target not found
Native extension for WebGL target not found
Refreshing native plugins compatible for Editor in 49.92 ms, found 1 plugins.
Preloading 0 native plugins for Editor in 0.00 ms.
Mono: successfully reloaded assembly
- Completed reload, in  1.267 seconds
Platform modules already initialized, skipping
========================================================================
Worker process is ready to serve import requests
Launching external process: /Applications/Unity/Hub/Editor/2020.3.4f1/Unity.app/Contents/Tools/UnityShaderCompiler
Launched and connected shader compiler UnityShaderCompiler after 0.01 seconds
Refreshing native plugins compatible for Editor in 0.60 ms, found 1 plugins.
Preloading 0 native plugins for Editor in 0.00 ms.
Unloading 1934 Unused Serialized files (Serialized files now loaded: 0)
System memory in use before: 210.3 MB.
System memory in use after: 210.4 MB.

Unloading 13 unused Assets to reduce memory usage. Loaded Objects now: 2400.
Total: 2.999977 ms (FindLiveObjects: 0.296214 ms CreateObjectMapping: 0.147511 ms MarkObjects: 2.431421 ms  DeleteObjects: 0.122242 ms)

========================================================================
Received Import Request.
  path: Assets/Art/Textures/Cereal2.afphoto
  artifactKey: Guid(363251c0196f3468092f12d90833089d) Importer(815301076,1909f56bfc062723c751e8b465ee728b)
Start importing Assets/Art/Textures/Cereal2.afphoto using Guid(363251c0196f3468092f12d90833089d) Importer(815301076,1909f56bfc062723c751e8b465ee728b)  -> (artifact id: 'ff5692a4a92960e0e9c8bcfdcb4689e9') in 0.115661 seconds
  Import took 0.119177 seconds .

========================================================================
Received Import Request.
  Time since last request: 0.000270 seconds.
  path: Assets/Art/Textures/Cereal1.png
  artifactKey: Guid(7c8859204b98340449af62f719df3742) Importer(815301076,1909f56bfc062723c751e8b465ee728b)
Start importing Assets/Art/Textures/Cereal1.png using Guid(7c8859204b98340449af62f719df3742) Importer(815301076,1909f56bfc062723c751e8b465ee728b)  -> (artifact id: '70b03afcddb2ce59174bb38950a3e673') in 0.164479 seconds
  Import took 0.167768 seconds .

========================================================================
Received Import Request.
  Time since last request: 7.573011 seconds.
  path: Assets/Art/Textures/Cereal2.png
  artifactKey: Guid(cf6babea8a5854faa9718e5056fec863) Importer(815301076,1909f56bfc062723c751e8b465ee728b)
Start importing Assets/Art/Textures/Cereal2.png using Guid(cf6babea8a5854faa9718e5056fec863) Importer(815301076,1909f56bfc062723c751e8b465ee728b)  -> (artifact id: 'e19486a1e510d88acf8b3e926a01390d') in 0.008150 seconds
  Import took 0.011858 seconds .

========================================================================
Received Import Request.
  Time since last request: 3.458318 seconds.
  path: Assets/Art/Textures/Chips01.png
  artifactKey: Guid(3b4c953d007f44cd5b190c9e53f29fac) Importer(815301076,1909f56bfc062723c751e8b465ee728b)
Start importing Assets/Art/Textures/Chips01.png using Guid(3b4c953d007f44cd5b190c9e53f29fac) Importer(815301076,1909f56bfc062723c751e8b465ee728b)  -> (artifact id: '666bfdc23afcd1a57b92ec1dd32028bb') in 0.007129 seconds
  Import took 0.010962 seconds .

========================================================================
Received Prepare
Registering precompiled user dll's ...
Registered in 0.001525 seconds.
Begin MonoManager ReloadAssembly
Native extension for WindowsStandalone target not found
Native extension for OSXStandalone target not found
Native extension for WebGL target not found
Refreshing native plugins compatible for Editor in 0.52 ms, found 1 plugins.
Preloading 0 native plugins for Editor in 0.00 ms.
Mono: successfully reloaded assembly
- Completed reload, in  1.215 seconds
Platform modules already initialized, skipping
Refreshing native plugins compatible for Editor in 0.41 ms, found 1 plugins.
Preloading 0 native plugins for Editor in 0.00 ms.
Unloading 1751 Unused Serialized files (Serialized files now loaded: 0)
System memory in use before: 202.5 MB.
System memory in use after: 202.6 MB.

Unloading 7 unused Assets to reduce memory usage. Loaded Objects now: 2406.
Total: 2.572924 ms (FindLiveObjects: 0.237650 ms CreateObjectMapping: 0.074388 ms MarkObjects: 2.161603 ms  DeleteObjects: 0.098071 ms)

========================================================================
Received Import Request.
  Time since last request: 5246.393633 seconds.
  path: Assets/Art/Textures/BallBinAlpha.png
  artifactKey: Guid(6dd912c9bd3154d1c8d218a3d975d4a5) Importer(815301076,1909f56bfc062723c751e8b465ee728b)
Start importing Assets/Art/Textures/BallBinAlpha.png using Guid(6dd912c9bd3154d1c8d218a3d975d4a5) Importer(815301076,1909f56bfc062723c751e8b465ee728b)  -> (artifact id: '1a1ff30de1c3f7a14c30d64616507aa9') in 0.170910 seconds
  Import took 0.202764 seconds .

========================================================================
Received Import Request.
  Time since last request: 9.550818 seconds.
  path: Assets/Art/Textures/BallBinAlpha.png
  artifactKey: Guid(6dd912c9bd3154d1c8d218a3d975d4a5) Importer(815301076,1909f56bfc062723c751e8b465ee728b)
Start importing Assets/Art/Textures/BallBinAlpha.png using Guid(6dd912c9bd3154d1c8d218a3d975d4a5) Importer(815301076,1909f56bfc062723c751e8b465ee728b)  -> (artifact id: 'e73021d57e7f370f1ca2424c217d9a20') in 0.010617 seconds
  Import took 0.016253 seconds .

========================================================================
Received Import Request.
  Time since last request: 166.007623 seconds.
  path: Assets/Art/Models/BallBin.fbx
  artifactKey: Guid(b6fde40e9a4004c5ca09964fe0c60be1) Importer(815301076,1909f56bfc062723c751e8b465ee728b)
Start importing Assets/Art/Models/BallBin.fbx using Guid(b6fde40e9a4004c5ca09964fe0c60be1) Importer(815301076,1909f56bfc062723c751e8b465ee728b)  -> (artifact id: '4d154b8cf1aa149c8f700d0d3494755f') in 1.662215 seconds
  Import took 1.668154 seconds .

========================================================================
Received Import Request.
  Time since last request: 11.248467 seconds.
  path: Assets/Art/Models/BallBin.fbx
  artifactKey: Guid(b6fde40e9a4004c5ca09964fe0c60be1) Importer(815301076,1909f56bfc062723c751e8b465ee728b)
Start importing Assets/Art/Models/BallBin.fbx using Guid(b6fde40e9a4004c5ca09964fe0c60be1) Importer(815301076,1909f56bfc062723c751e8b465ee728b)  -> (artifact id: 'f37ddfc0e8f59e02bebaaae1e89d8b5e') in 0.345662 seconds
  Import took 0.350744 seconds .

========================================================================
Received Import Request.
  Time since last request: 28.732546 seconds.
  path: Assets/Art/Models/BallBin.fbx
  artifactKey: Guid(b6fde40e9a4004c5ca09964fe0c60be1) Importer(815301076,1909f56bfc062723c751e8b465ee728b)
Start importing Assets/Art/Models/BallBin.fbx using Guid(b6fde40e9a4004c5ca09964fe0c60be1) Importer(815301076,1909f56bfc062723c751e8b465ee728b)  -> (artifact id: '151a243ea8d32abd70d79b53a1c90a3b') in 0.422254 seconds
  Import took 0.427617 seconds .

========================================================================
Received Import Request.
  Time since last request: 432.839058 seconds.
  path: Assets/Scripts/BallBinAnimation.cs
  artifactKey: Guid(b2794f5ac77d04196b421f9dcc9c4609) Importer(815301076,1909f56bfc062723c751e8b465ee728b)
Start importing Assets/Scripts/BallBinAnimation.cs using Guid(b2794f5ac77d04196b421f9dcc9c4609) Importer(815301076,1909f56bfc062723c751e8b465ee728b)  -> (artifact id: 'a159dc480be1ec8ee2e503be95e44a18') in 0.283438 seconds
  Import took 0.289838 seconds .

========================================================================
Received Prepare
Registering precompiled user dll's ...
Registered in 0.000598 seconds.
Begin MonoManager ReloadAssembly
Native extension for WindowsStandalone target not found
Native extension for OSXStandalone target not found
Native extension for WebGL target not found
Refreshing native plugins compatible for Editor in 0.43 ms, found 1 plugins.
Preloading 0 native plugins for Editor in 0.00 ms.
Mono: successfully reloaded assembly
- Completed reload, in  1.641 seconds
Platform modules already initialized, skipping
Refreshing native plugins compatible for Editor in 1.00 ms, found 1 plugins.
Preloading 0 native plugins for Editor in 0.00 ms.
Unloading 1752 Unused Serialized files (Serialized files now loaded: 0)
System memory in use before: 218.7 MB.
System memory in use after: 218.8 MB.

Unloading 8 unused Assets to reduce memory usage. Loaded Objects now: 2453.
Total: 4.249302 ms (FindLiveObjects: 0.429300 ms CreateObjectMapping: 0.169048 ms MarkObjects: 3.519264 ms  DeleteObjects: 0.128953 ms)

========================================================================
Received Import Request.
  Time since last request: 2087.236421 seconds.
  path: Assets/Scripts/BallBinAnimation.cs
  artifactKey: Guid(b2794f5ac77d04196b421f9dcc9c4609) Importer(815301076,1909f56bfc062723c751e8b465ee728b)
Start importing Assets/Scripts/BallBinAnimation.cs using Guid(b2794f5ac77d04196b421f9dcc9c4609) Importer(815301076,1909f56bfc062723c751e8b465ee728b)  -> (artifact id: '670ac112ddb5d17da44b3f47625063c9') in 0.133085 seconds
  Import took 0.230243 seconds .

========================================================================
Received Import Request.
  Time since last request: 0.052032 seconds.
  path: Assets/Scripts/BallBinAnimation.cs
  artifactKey: Guid(b2794f5ac77d04196b421f9dcc9c4609) Importer(815301076,1909f56bfc062723c751e8b465ee728b)
Start importing Assets/Scripts/BallBinAnimation.cs using Guid(b2794f5ac77d04196b421f9dcc9c4609) Importer(815301076,1909f56bfc062723c751e8b465ee728b)  -> (artifact id: '670ac112ddb5d17da44b3f47625063c9') in 0.002687 seconds
  Import took 0.006855 seconds .

========================================================================
Received Prepare
Registering precompiled user dll's ...
Registered in 0.000635 seconds.
Begin MonoManager ReloadAssembly
Native extension for WindowsStandalone target not found
Native extension for OSXStandalone target not found
Native extension for WebGL target not found
Refreshing native plugins compatible for Editor in 0.44 ms, found 1 plugins.
Preloading 0 native plugins for Editor in 0.00 ms.
Mono: successfully reloaded assembly
- Completed reload, in  1.337 seconds
Platform modules already initialized, skipping
Refreshing native plugins compatible for Editor in 0.46 ms, found 1 plugins.
Preloading 0 native plugins for Editor in 0.00 ms.
Unloading 1752 Unused Serialized files (Serialized files now loaded: 0)
System memory in use before: 219.3 MB.
System memory in use after: 219.4 MB.

Unloading 7 unused Assets to reduce memory usage. Loaded Objects now: 2456.
Total: 3.002017 ms (FindLiveObjects: 0.416289 ms CreateObjectMapping: 0.078310 ms MarkObjects: 2.377799 ms  DeleteObjects: 0.128133 ms)

========================================================================
Received Import Request.
  Time since last request: 10.376272 seconds.
  path: Assets/Scripts/BallBinAnimation.cs
  artifactKey: Guid(b2794f5ac77d04196b421f9dcc9c4609) Importer(815301076,1909f56bfc062723c751e8b465ee728b)
Start importing Assets/Scripts/BallBinAnimation.cs using Guid(b2794f5ac77d04196b421f9dcc9c4609) Importer(815301076,1909f56bfc062723c751e8b465ee728b)  -> (artifact id: '3894a21526a7d5da863f3bd7de1a882f') in 0.008390 seconds
  Import took 0.015735 seconds .

========================================================================
Received Prepare
Registering precompiled user dll's ...
Registered in 0.000586 seconds.
Begin MonoManager ReloadAssembly
Native extension for WindowsStandalone target not found
Native extension for OSXStandalone target not found
Native extension for WebGL target not found
Refreshing native plugins compatible for Editor in 0.47 ms, found 1 plugins.
Preloading 0 native plugins for Editor in 0.00 ms.
Mono: successfully reloaded assembly
- Completed reload, in  1.286 seconds
Platform modules already initialized, skipping
Refreshing native plugins compatible for Editor in 0.43 ms, found 1 plugins.
Preloading 0 native plugins for Editor in 0.00 ms.
Unloading 1752 Unused Serialized files (Serialized files now loaded: 0)
System memory in use before: 219.9 MB.
System memory in use after: 220.0 MB.

Unloading 7 unused Assets to reduce memory usage. Loaded Objects now: 2459.
Total: 2.766024 ms (FindLiveObjects: 0.250346 ms CreateObjectMapping: 0.081871 ms MarkObjects: 2.334301 ms  DeleteObjects: 0.097774 ms)

========================================================================
Received Prepare
Registering precompiled user dll's ...
Registered in 0.000636 seconds.
Begin MonoManager ReloadAssembly
Native extension for WindowsStandalone target not found
Native extension for OSXStandalone target not found
Native extension for WebGL target not found
Refreshing native plugins compatible for Editor in 0.50 ms, found 1 plugins.
Preloading 0 native plugins for Editor in 0.00 ms.
Mono: successfully reloaded assembly
- Completed reload, in  1.269 seconds
Platform modules already initialized, skipping
Refreshing native plugins compatible for Editor in 0.45 ms, found 1 plugins.
Preloading 0 native plugins for Editor in 0.00 ms.
Unloading 1752 Unused Serialized files (Serialized files now loaded: 0)
System memory in use before: 220.5 MB.
System memory in use after: 220.6 MB.

Unloading 7 unused Assets to reduce memory usage. Loaded Objects now: 2462.
Total: 2.845213 ms (FindLiveObjects: 0.236203 ms CreateObjectMapping: 0.083050 ms MarkObjects: 2.384926 ms  DeleteObjects: 0.130097 ms)

========================================================================
Received Prepare
Registering precompiled user dll's ...
Registered in 0.000651 seconds.
Begin MonoManager ReloadAssembly
Native extension for WindowsStandalone target not found
Native extension for OSXStandalone target not found
Native extension for WebGL target not found
Refreshing native plugins compatible for Editor in 0.43 ms, found 1 plugins.
Preloading 0 native plugins for Editor in 0.00 ms.
Mono: successfully reloaded assembly
- Completed reload, in  1.223 seconds
Platform modules already initialized, skipping
Refreshing native plugins compatible for Editor in 0.49 ms, found 1 plugins.
Preloading 0 native plugins for Editor in 0.00 ms.
Unloading 1752 Unused Serialized files (Serialized files now loaded: 0)
System memory in use before: 221.1 MB.
System memory in use after: 221.2 MB.

Unloading 7 unused Assets to reduce memory usage. Loaded Objects now: 2465.
Total: 2.695896 ms (FindLiveObjects: 0.329400 ms CreateObjectMapping: 0.074659 ms MarkObjects: 2.194141 ms  DeleteObjects: 0.096036 ms)

========================================================================
Received Prepare
Registering precompiled user dll's ...
Registered in 0.000653 seconds.
Begin MonoManager ReloadAssembly
Native extension for WindowsStandalone target not found
Native extension for OSXStandalone target not found
Native extension for WebGL target not found
Refreshing native plugins compatible for Editor in 0.67 ms, found 1 plugins.
Preloading 0 native plugins for Editor in 0.00 ms.
Mono: successfully reloaded assembly
- Completed reload, in  1.198 seconds
Platform modules already initialized, skipping
Refreshing native plugins compatible for Editor in 0.51 ms, found 1 plugins.
Preloading 0 native plugins for Editor in 0.00 ms.
Unloading 1752 Unused Serialized files (Serialized files now loaded: 0)
System memory in use before: 221.7 MB.
System memory in use after: 221.8 MB.

Unloading 7 unused Assets to reduce memory usage. Loaded Objects now: 2468.
Total: 2.754854 ms (FindLiveObjects: 0.271428 ms CreateObjectMapping: 0.068817 ms MarkObjects: 2.315545 ms  DeleteObjects: 0.097191 ms)

========================================================================
Received Prepare
Registering precompiled user dll's ...
Registered in 0.000876 seconds.
Begin MonoManager ReloadAssembly
Native extension for WindowsStandalone target not found
Native extension for OSXStandalone target not found
Native extension for WebGL target not found
Refreshing native plugins compatible for Editor in 0.46 ms, found 1 plugins.
Preloading 0 native plugins for Editor in 0.00 ms.
Mono: successfully reloaded assembly
- Completed reload, in  1.162 seconds
Platform modules already initialized, skipping
Refreshing native plugins compatible for Editor in 0.47 ms, found 1 plugins.
Preloading 0 native plugins for Editor in 0.00 ms.
Unloading 1752 Unused Serialized files (Serialized files now loaded: 0)
System memory in use before: 222.4 MB.
System memory in use after: 222.5 MB.

Unloading 7 unused Assets to reduce memory usage. Loaded Objects now: 2471.
Total: 2.933792 ms (FindLiveObjects: 0.328262 ms CreateObjectMapping: 0.072358 ms MarkObjects: 2.434929 ms  DeleteObjects: 0.096736 ms)

========================================================================
Received Import Request.
  Time since last request: 3358.200706 seconds.
  path: Assets/Art/Animation/BallBoy
  artifactKey: Guid(6e1c53850d9be47168bda3dbd9a48b13) Importer(815301076,1909f56bfc062723c751e8b465ee728b)
Start importing Assets/Art/Animation/BallBoy using Guid(6e1c53850d9be47168bda3dbd9a48b13) Importer(815301076,1909f56bfc062723c751e8b465ee728b)  -> (artifact id: '6a7ecbcc9988504c5e7124f150b2f75d') in 0.007949 seconds
  Import took 0.013868 seconds .

========================================================================
Received Import Request.
  Time since last request: 15.630402 seconds.
  path: Assets/Art/Animation/BallBoy/BallBoyAnimController.controller
  artifactKey: Guid(2f6e68c9c3ff0478bb7c15dd66b44dca) Importer(815301076,1909f56bfc062723c751e8b465ee728b)
Start importing Assets/Art/Animation/BallBoy/BallBoyAnimController.controller using Guid(2f6e68c9c3ff0478bb7c15dd66b44dca) Importer(815301076,1909f56bfc062723c751e8b465ee728b)  -> (artifact id: 'dd70352b8e3a11126c5b32673a50ea49') in 0.121571 seconds
  Import took 0.126233 seconds .

========================================================================
Received Prepare
Registering precompiled user dll's ...
Registered in 0.000687 seconds.
Begin MonoManager ReloadAssembly
Native extension for WindowsStandalone target not found
Native extension for OSXStandalone target not found
Native extension for WebGL target not found
Refreshing native plugins compatible for Editor in 0.44 ms, found 1 plugins.
Preloading 0 native plugins for Editor in 0.00 ms.
Mono: successfully reloaded assembly
- Completed reload, in  1.290 seconds
Platform modules already initialized, skipping
Refreshing native plugins compatible for Editor in 0.41 ms, found 1 plugins.
Preloading 0 native plugins for Editor in 0.00 ms.
Unloading 1752 Unused Serialized files (Serialized files now loaded: 0)
System memory in use before: 227.2 MB.
System memory in use after: 227.2 MB.

Unloading 7 unused Assets to reduce memory usage. Loaded Objects now: 2474.
Total: 3.047872 ms (FindLiveObjects: 0.325664 ms CreateObjectMapping: 0.085572 ms MarkObjects: 2.534638 ms  DeleteObjects: 0.100233 ms)

========================================================================
Received Prepare
Registering precompiled user dll's ...
Registered in 0.000563 seconds.
Begin MonoManager ReloadAssembly
Native extension for WindowsStandalone target not found
Native extension for OSXStandalone target not found
Native extension for WebGL target not found
Refreshing native plugins compatible for Editor in 0.41 ms, found 1 plugins.
Preloading 0 native plugins for Editor in 0.00 ms.
Mono: successfully reloaded assembly
- Completed reload, in  1.138 seconds
Platform modules already initialized, skipping
Refreshing native plugins compatible for Editor in 0.43 ms, found 1 plugins.
Preloading 0 native plugins for Editor in 0.00 ms.
Unloading 1752 Unused Serialized files (Serialized files now loaded: 0)
System memory in use before: 227.8 MB.
System memory in use after: 227.9 MB.

Unloading 7 unused Assets to reduce memory usage. Loaded Objects now: 2477.
Total: 2.697071 ms (FindLiveObjects: 0.242947 ms CreateObjectMapping: 0.072597 ms MarkObjects: 2.283430 ms  DeleteObjects: 0.096366 ms)

AssetImportWorkerClient::OnTransportError - code=2 error=End of file
